{"name":"transaction-notifier","hostname":"acer-Akash","pid":7592,"msg":"user logged in ","level":30,"time":"2020-05-25T09:22:43.159Z","v":0}
{"name":"transaction-notifier","hostname":"acer-Akash","pid":9016,"msg":"user logged in ","level":30,"time":"2020-05-25T09:28:46.261Z","v":0}
{"name":"transaction-notifier","hostname":"acer-Akash","pid":13304,"msg":"user logged in ","level":30,"time":"2020-05-25T09:29:30.651Z","v":0}
{"name":"transaction-notifier","hostname":"acer-Akash","pid":13304,"body":{"Reviewed":[],"_id":"5ecb8b5cbb27bc24244a6eda","name":"Akash","email":"ak@gmail.com","password":"$2a$10$hB0kuTZ.Ykmd4YxRDCHF5OCVTtDTZUfBv85Qp8NadgqibIt0X1KMO","stud_id":"MT2019014","__v":0},"msg":"user logged in ","level":30,"time":"2020-05-25T09:29:31.079Z","v":0}
{"name":"transaction-notifier","hostname":"abhishek-Inspiron-3542","pid":13717,"msg":"user logged in ","level":30,"time":"2020-05-25T16:47:07.920Z","v":0}
{"name":"transaction-notifier","hostname":"abhishek-Inspiron-3542","pid":13717,"body":{"Reviewed":[],"_id":"5ecbe892f654d5102114a86c","name":"mt201","email":"abhishek.singh006@iiitb.org","password":"$2a$10$JOGuGsV.XxZuegnVVp3L1uW.EsIlSqC3yrNSUI6/6JPuIkMvZPQc6","stud_id":"mt2019005","__v":0},"msg":"user logged in ","level":30,"time":"2020-05-25T16:47:08.404Z","v":0}
{"name":"transaction-notifier","hostname":"abhishek-Inspiron-3542","pid":20949,"msg":"user logged in ","level":30,"time":"2020-05-25T17:37:12.341Z","v":0}
{"name":"transaction-notifier","hostname":"abhishek-Inspiron-3542","pid":20949,"body":{"Reviewed":[],"_id":"5ecbe892f654d5102114a86c","name":"mt201","email":"abhishek.singh006@iiitb.org","password":"$2a$10$JOGuGsV.XxZuegnVVp3L1uW.EsIlSqC3yrNSUI6/6JPuIkMvZPQc6","stud_id":"mt2019005","__v":0},"msg":"user logged in ","level":30,"time":"2020-05-25T17:37:12.713Z","v":0}
{"name":"transaction-notifier","hostname":"abhishek-Inspiron-3542","pid":20949,"body":{"Reviewed":[],"_id":"5ecbe892f654d5102114a86c","name":"mt201","email":"abhishek.singh006@iiitb.org","password":"$2a$10$JOGuGsV.XxZuegnVVp3L1uW.EsIlSqC3yrNSUI6/6JPuIkMvZPQc6","stud_id":"mt2019005","__v":0},"msg":"user logged in ","level":30,"time":"2020-05-25T17:37:12.913Z","v":0}
{"name":"transaction-notifier","hostname":"abhishek-Inspiron-3542","pid":20949,"body":{"Reviewed":[],"_id":"5ecbe892f654d5102114a86c","name":"mt201","email":"abhishek.singh006@iiitb.org","password":"$2a$10$JOGuGsV.XxZuegnVVp3L1uW.EsIlSqC3yrNSUI6/6JPuIkMvZPQc6","stud_id":"mt2019005","__v":0},"msg":"user logged in ","level":30,"time":"2020-05-25T17:37:13.175Z","v":0}
{"name":"transaction-notifier","hostname":"abhishek-Inspiron-3542","pid":11737,"msg":"user logged in ","level":30,"time":"2020-05-26T06:21:41.572Z","v":0}
{"name":"transaction-notifier","hostname":"abhishek-Inspiron-3542","pid":11737,"body":{"Reviewed":["5ecc09010354dd00137396b4","5ecc0c590354dd00137396b5","5ecc438a931eb000130351b0","5ecc4397931eb000130351b1"],"_id":"5ecbe892f654d5102114a86c","name":"mt201","email":"abhishek.singh006@iiitb.org","password":"$2a$10$JOGuGsV.XxZuegnVVp3L1uW.EsIlSqC3yrNSUI6/6JPuIkMvZPQc6","stud_id":"mt2019005","__v":0},"msg":"user logged in ","level":30,"time":"2020-05-26T06:21:41.934Z","v":0}
{"name":"transaction-notifier","hostname":"abhishek-Inspiron-3542","pid":11737,"msg":"user logged in ","level":30,"time":"2020-05-26T06:22:07.666Z","v":0}
{"name":"transaction-notifier","hostname":"abhishek-Inspiron-3542","pid":11737,"body":{"Reviewed":["5ecc09010354dd00137396b4","5ecc0c590354dd00137396b5","5ecc438a931eb000130351b0","5ecc4397931eb000130351b1"],"_id":"5ecbe892f654d5102114a86c","name":"mt201","email":"abhishek.singh006@iiitb.org","password":"$2a$10$JOGuGsV.XxZuegnVVp3L1uW.EsIlSqC3yrNSUI6/6JPuIkMvZPQc6","stud_id":"mt2019005","__v":0},"msg":"user logged in ","level":30,"time":"2020-05-26T06:22:07.986Z","v":0}
{"name":"transaction-notifier","hostname":"abhishek-Inspiron-3542","pid":11737,"msg":"user logged in ","level":30,"time":"2020-05-26T06:22:16.698Z","v":0}
{"name":"transaction-notifier","hostname":"abhishek-Inspiron-3542","pid":11737,"body":{"Reviewed":["5ecc09010354dd00137396b4","5ecc0c590354dd00137396b5","5ecc438a931eb000130351b0","5ecc4397931eb000130351b1"],"_id":"5ecbe892f654d5102114a86c","name":"mt201","email":"abhishek.singh006@iiitb.org","password":"$2a$10$JOGuGsV.XxZuegnVVp3L1uW.EsIlSqC3yrNSUI6/6JPuIkMvZPQc6","stud_id":"mt2019005","__v":0},"msg":"user logged in ","level":30,"time":"2020-05-26T06:22:17.000Z","v":0}
{"name":"transaction-notifier","hostname":"abhishek-Inspiron-3542","pid":12648,"msg":"user logged in ","level":30,"time":"2020-05-26T06:30:39.076Z","v":0}
{"name":"transaction-notifier","hostname":"abhishek-Inspiron-3542","pid":12648,"body":{"Reviewed":["5ecc09010354dd00137396b4","5ecc0c590354dd00137396b5","5ecc438a931eb000130351b0","5ecc4397931eb000130351b1"],"_id":"5ecbe892f654d5102114a86c","name":"mt201","email":"abhishek.singh006@iiitb.org","password":"$2a$10$JOGuGsV.XxZuegnVVp3L1uW.EsIlSqC3yrNSUI6/6JPuIkMvZPQc6","stud_id":"mt2019005","__v":0},"msg":"user logged in ","level":30,"time":"2020-05-26T06:30:39.419Z","v":0}
{"name":"transaction-notifier","hostname":"abhishek-Inspiron-3542","pid":12648,"msg":"user logged in ","level":30,"time":"2020-05-26T06:34:26.685Z","v":0}
{"name":"transaction-notifier","hostname":"abhishek-Inspiron-3542","pid":12648,"body":{"Reviewed":["5ecb8b2cbb27bc24244a6ed9","5ecb8b73bb27bc24244a6edb","5ecb8d6df59b471628ee8364"],"_id":"5ecb815b30c8a5269cb8711d","name":"admin","email":"admin@gmail.com","password":"$2a$10$qkC93W9/FizoJ.oX/8Co1Oi414Yw5YOfm2GnJNHJ.G45LgvQhPy0W","stud_id":"MT2019014","__v":0},"msg":"user logged in ","level":30,"time":"2020-05-26T06:34:27.068Z","v":0}
{"name":"transaction-notifier","hostname":"abhishek-Inspiron-3542","pid":12648,"body":{"Reviews":[],"_id":"5eccb8982f59be31681d40c0","name":"computer science","sem":"3","desc":"basics of cs","Faculty":"abhi","Rating":"No Reviews","Difficulty":"No Reviews"},"msg":"Course created successfully","level":30,"time":"2020-05-26T06:35:04.813Z","v":0}
{"name":"transaction-notifier","hostname":"abhishek-Inspiron-3542","pid":13105,"msg":"user logged in ","level":30,"time":"2020-05-26T06:35:45.697Z","v":0}
{"name":"transaction-notifier","hostname":"abhishek-Inspiron-3542","pid":13105,"body":{"Reviewed":["5ecc09010354dd00137396b4","5ecc0c590354dd00137396b5","5ecc438a931eb000130351b0","5ecc4397931eb000130351b1"],"_id":"5ecbe892f654d5102114a86c","name":"mt201","email":"abhishek.singh006@iiitb.org","password":"$2a$10$JOGuGsV.XxZuegnVVp3L1uW.EsIlSqC3yrNSUI6/6JPuIkMvZPQc6","stud_id":"mt2019005","__v":0},"msg":"user logged in ","level":30,"time":"2020-05-26T06:35:46.685Z","v":0}
{"name":"transaction-notifier","hostname":"abhishek-Inspiron-3542","pid":13316,"msg":"user logged in ","level":30,"time":"2020-05-26T06:37:30.540Z","v":0}
{"name":"transaction-notifier","hostname":"abhishek-Inspiron-3542","pid":13316,"body":{"Reviewed":["5ecc09010354dd00137396b4","5ecc0c590354dd00137396b5","5ecc438a931eb000130351b0","5ecc4397931eb000130351b1"],"_id":"5ecbe892f654d5102114a86c","name":"mt201","email":"abhishek.singh006@iiitb.org","password":"$2a$10$JOGuGsV.XxZuegnVVp3L1uW.EsIlSqC3yrNSUI6/6JPuIkMvZPQc6","stud_id":"mt2019005","__v":0},"msg":"user logged in ","level":30,"time":"2020-05-26T06:37:30.911Z","v":0}
{"name":"transaction-notifier","hostname":"abhishek-Inspiron-3542","pid":13882,"msg":"user logged in ","level":30,"time":"2020-05-26T06:42:03.728Z","v":0}
{"name":"transaction-notifier","hostname":"abhishek-Inspiron-3542","pid":13882,"body":{"Reviewed":["5ecc09010354dd00137396b4","5ecc0c590354dd00137396b5","5ecc438a931eb000130351b0","5ecc4397931eb000130351b1"],"_id":"5ecbe892f654d5102114a86c","name":"mt201","email":"abhishek.singh006@iiitb.org","password":"$2a$10$JOGuGsV.XxZuegnVVp3L1uW.EsIlSqC3yrNSUI6/6JPuIkMvZPQc6","stud_id":"mt2019005","__v":0},"msg":"user logged in ","level":30,"time":"2020-05-26T06:42:04.388Z","v":0}
{"name":"transaction-notifier","hostname":"abhishek-Inspiron-3542","pid":13882,"msg":"user logged in ","level":30,"time":"2020-05-26T06:42:32.863Z","v":0}
{"name":"transaction-notifier","hostname":"abhishek-Inspiron-3542","pid":13882,"body":{"Reviewed":["5ecb8b2cbb27bc24244a6ed9","5ecb8b73bb27bc24244a6edb","5ecb8d6df59b471628ee8364"],"_id":"5ecb815b30c8a5269cb8711d","name":"admin","email":"admin@gmail.com","password":"$2a$10$qkC93W9/FizoJ.oX/8Co1Oi414Yw5YOfm2GnJNHJ.G45LgvQhPy0W","stud_id":"MT2019014","__v":0},"msg":"user logged in ","level":30,"time":"2020-05-26T06:42:33.146Z","v":0}
{"name":"transaction-notifier","hostname":"abhishek-Inspiron-3542","pid":13882,"body":{"Reviews":[],"_id":"5eccbaa9f423d9363a6a2b2b","name":"cse","sem":"3","desc":"basics of cs","Faculty":"abhi","Rating":"No Reviews","Difficulty":"No Reviews"},"msg":"Course created successfully","level":30,"time":"2020-05-26T06:43:53.139Z","v":0}
{"name":"transaction-notifier","hostname":"abhishek-Inspiron-3542","pid":14161,"msg":"user logged in ","level":30,"time":"2020-05-26T06:44:24.856Z","v":0}
{"name":"transaction-notifier","hostname":"abhishek-Inspiron-3542","pid":14161,"body":{"Reviewed":["5ecb8b2cbb27bc24244a6ed9","5ecb8b73bb27bc24244a6edb","5ecb8d6df59b471628ee8364"],"_id":"5ecb815b30c8a5269cb8711d","name":"admin","email":"admin@gmail.com","password":"$2a$10$qkC93W9/FizoJ.oX/8Co1Oi414Yw5YOfm2GnJNHJ.G45LgvQhPy0W","stud_id":"MT2019014","__v":0},"msg":"user logged in ","level":30,"time":"2020-05-26T06:44:25.202Z","v":0}
{"name":"transaction-notifier","hostname":"abhishek-Inspiron-3542","pid":14635,"msg":"user logged in ","level":30,"time":"2020-05-26T06:48:59.964Z","v":0}
{"name":"transaction-notifier","hostname":"abhishek-Inspiron-3542","pid":14635,"body":{"Reviewed":["5ecb8b2cbb27bc24244a6ed9","5ecb8b73bb27bc24244a6edb","5ecb8d6df59b471628ee8364"],"_id":"5ecb815b30c8a5269cb8711d","name":"admin","email":"admin@gmail.com","password":"$2a$10$qkC93W9/FizoJ.oX/8Co1Oi414Yw5YOfm2GnJNHJ.G45LgvQhPy0W","stud_id":"MT2019014","__v":0},"msg":"user logged in ","level":30,"time":"2020-05-26T06:49:00.496Z","v":0}
{"name":"transaction-notifier","hostname":"abhishek-Inspiron-3542","pid":14635,"body":{"Reviews":[],"_id":"5eccbc242b132f392ba94605","name":"SPE","sem":"2","desc":"basics of spe","Faculty":"Thangaraju sir","Rating":"No Reviews","Difficulty":"No Reviews"},"msg":"Course created successfully","level":30,"time":"2020-05-26T06:50:12.977Z","v":0}
{"name":"transaction-notifier","hostname":"abhishek-Inspiron-3542","pid":14844,"msg":"user logged in ","level":30,"time":"2020-05-26T06:50:56.805Z","v":0}
{"name":"transaction-notifier","hostname":"abhishek-Inspiron-3542","pid":14844,"body":{"Reviewed":["5ecb8b2cbb27bc24244a6ed9","5ecb8b73bb27bc24244a6edb","5ecb8d6df59b471628ee8364"],"_id":"5ecb815b30c8a5269cb8711d","name":"admin","email":"admin@gmail.com","password":"$2a$10$qkC93W9/FizoJ.oX/8Co1Oi414Yw5YOfm2GnJNHJ.G45LgvQhPy0W","stud_id":"MT2019014","__v":0},"msg":"user logged in ","level":30,"time":"2020-05-26T06:50:57.226Z","v":0}
{"name":"transaction-notifier","hostname":"abhishek-Inspiron-3542","pid":15290,"msg":"user logged in ","level":30,"time":"2020-05-26T06:55:29.431Z","v":0}
{"name":"transaction-notifier","hostname":"abhishek-Inspiron-3542","pid":15290,"body":{"Reviewed":["5ecb8b2cbb27bc24244a6ed9","5ecb8b73bb27bc24244a6edb","5ecb8d6df59b471628ee8364"],"_id":"5ecb815b30c8a5269cb8711d","name":"admin","email":"admin@gmail.com","password":"$2a$10$qkC93W9/FizoJ.oX/8Co1Oi414Yw5YOfm2GnJNHJ.G45LgvQhPy0W","stud_id":"MT2019014","__v":0},"msg":"user logged in ","level":30,"time":"2020-05-26T06:55:29.813Z","v":0}
{"name":"transaction-notifier","hostname":"abhishek-Inspiron-3542","pid":16434,"msg":"user logged in ","level":30,"time":"2020-05-26T07:04:56.205Z","v":0}
{"name":"transaction-notifier","hostname":"abhishek-Inspiron-3542","pid":16434,"body":{"Reviewed":["5ecb8b2cbb27bc24244a6ed9","5ecb8b73bb27bc24244a6edb","5ecb8d6df59b471628ee8364"],"_id":"5ecb815b30c8a5269cb8711d","name":"admin","email":"admin@gmail.com","password":"$2a$10$qkC93W9/FizoJ.oX/8Co1Oi414Yw5YOfm2GnJNHJ.G45LgvQhPy0W","stud_id":"MT2019014","__v":0},"msg":"user logged in ","level":30,"time":"2020-05-26T07:04:56.919Z","v":0}
{"name":"transaction-notifier","hostname":"abhishek-Inspiron-3542","pid":16434,"body":{"Reviews":[],"_id":"5eccbfb1fa54c44032f0a3c8","name":"eqwdq","sem":"2","desc":"basics of cs","Faculty":"Thangaraju sir","Rating":"No Reviews","Difficulty":"No Reviews"},"msg":"Course created successfully","level":30,"time":"2020-05-26T07:05:21.073Z","v":0}
{"name":"transaction-notifier","hostname":"abhishek-Inspiron-3542","pid":16564,"msg":"user logged in ","level":30,"time":"2020-05-26T07:05:44.676Z","v":0}
{"name":"transaction-notifier","hostname":"abhishek-Inspiron-3542","pid":16564,"body":{"Reviewed":["5ecb8b2cbb27bc24244a6ed9","5ecb8b73bb27bc24244a6edb","5ecb8d6df59b471628ee8364"],"_id":"5ecb815b30c8a5269cb8711d","name":"admin","email":"admin@gmail.com","password":"$2a$10$qkC93W9/FizoJ.oX/8Co1Oi414Yw5YOfm2GnJNHJ.G45LgvQhPy0W","stud_id":"MT2019014","__v":0},"msg":"user logged in ","level":30,"time":"2020-05-26T07:05:45.063Z","v":0}
{"name":"transaction-notifier","hostname":"abhishek-Inspiron-3542","pid":16696,"msg":"user logged in ","level":30,"time":"2020-05-26T07:06:33.471Z","v":0}
{"name":"transaction-notifier","hostname":"abhishek-Inspiron-3542","pid":16696,"body":{"Reviewed":["5ecb8b2cbb27bc24244a6ed9","5ecb8b73bb27bc24244a6edb","5ecb8d6df59b471628ee8364"],"_id":"5ecb815b30c8a5269cb8711d","name":"admin","email":"admin@gmail.com","password":"$2a$10$qkC93W9/FizoJ.oX/8Co1Oi414Yw5YOfm2GnJNHJ.G45LgvQhPy0W","stud_id":"MT2019014","__v":0},"msg":"user logged in ","level":30,"time":"2020-05-26T07:06:34.137Z","v":0}
{"name":"transaction-notifier","hostname":"abhishek-Inspiron-3542","pid":16696,"body":{"Reviews":[],"_id":"5eccc0036c49db413888bc21","name":"mt2019006","sem":"3","desc":"basics of cs","Faculty":"Thangaraju sir","Rating":"No Reviews","Difficulty":"No Reviews"},"msg":"Course created successfully","level":30,"time":"2020-05-26T07:06:43.723Z","v":0}
{"name":"transaction-notifier","hostname":"abhishek-Inspiron-3542","pid":16844,"msg":"user logged in ","level":30,"time":"2020-05-26T07:07:27.621Z","v":0}
{"name":"transaction-notifier","hostname":"abhishek-Inspiron-3542","pid":16844,"body":{"Reviewed":["5ecb8b2cbb27bc24244a6ed9","5ecb8b73bb27bc24244a6edb","5ecb8d6df59b471628ee8364"],"_id":"5ecb815b30c8a5269cb8711d","name":"admin","email":"admin@gmail.com","password":"$2a$10$qkC93W9/FizoJ.oX/8Co1Oi414Yw5YOfm2GnJNHJ.G45LgvQhPy0W","stud_id":"MT2019014","__v":0},"msg":"user logged in ","level":30,"time":"2020-05-26T07:07:28.204Z","v":0}
{"name":"transaction-notifier","hostname":"abhishek-Inspiron-3542","pid":17225,"msg":"user logged in ","level":30,"time":"2020-05-26T07:11:12.926Z","v":0}
{"name":"transaction-notifier","hostname":"abhishek-Inspiron-3542","pid":17225,"body":{"Reviewed":["5ecb8b2cbb27bc24244a6ed9","5ecb8b73bb27bc24244a6edb","5ecb8d6df59b471628ee8364"],"_id":"5ecb815b30c8a5269cb8711d","name":"admin","email":"admin@gmail.com","password":"$2a$10$qkC93W9/FizoJ.oX/8Co1Oi414Yw5YOfm2GnJNHJ.G45LgvQhPy0W","stud_id":"MT2019014","__v":0},"msg":"user logged in ","level":30,"time":"2020-05-26T07:11:13.529Z","v":0}
{"name":"transaction-notifier","hostname":"abhishek-Inspiron-3542","pid":17225,"body":{"Reviews":[],"_id":"5eccc11f824197434966a50a","name":"mt2019006","sem":"2","desc":"basics of cs","Faculty":"Thangaraju sir","Rating":"No Reviews","Difficulty":"No Reviews"},"msg":"Course created successfully","level":30,"time":"2020-05-26T07:11:27.094Z","v":0}
{"name":"transaction-notifier","hostname":"abhishek-Inspiron-3542","pid":18891,"msg":"user logged in ","level":30,"time":"2020-05-26T07:34:19.142Z","v":0}
{"name":"transaction-notifier","hostname":"abhishek-Inspiron-3542","pid":18891,"body":{"Reviewed":["5ecb8b2cbb27bc24244a6ed9","5ecb8b73bb27bc24244a6edb","5ecb8d6df59b471628ee8364"],"_id":"5ecb815b30c8a5269cb8711d","name":"admin","email":"admin@gmail.com","password":"$2a$10$qkC93W9/FizoJ.oX/8Co1Oi414Yw5YOfm2GnJNHJ.G45LgvQhPy0W","stud_id":"MT2019014","__v":0},"msg":"user logged in ","level":30,"time":"2020-05-26T07:34:19.521Z","v":0}
{"name":"transaction-notifier","hostname":"abhishek-Inspiron-3542","pid":18891,"body":{"Reviews":[],"_id":"5eccc6964ae74549cb154d9c","name":"CS","sem":"2","desc":"basics of cse","Faculty":"pushpi","Rating":"No Reviews","Difficulty":"No Reviews"},"msg":"Course created successfully","level":30,"time":"2020-05-26T07:34:46.320Z","v":0}
